0 info it worked if it ends with ok
1 verbose cli [ 'C:\\Program Files\\nodejs\\node.exe',
1 verbose cli   'C:\\Program Files\\nodejs\\node_modules\\npm\\bin\\npm-cli.js',
1 verbose cli   'run',
1 verbose cli   'client' ]
2 info using npm@3.10.10
3 info using node@v6.14.2
4 verbose run-script [ 'preclient', 'client', 'postclient' ]
5 info lifecycle bigcommerce-api@1.0.0~preclient: bigcommerce-api@1.0.0
6 silly lifecycle bigcommerce-api@1.0.0~preclient: no script for preclient, continuing
7 info lifecycle bigcommerce-api@1.0.0~client: bigcommerce-api@1.0.0
8 verbose lifecycle bigcommerce-api@1.0.0~client: unsafe-perm in lifecycle true
9 verbose lifecycle bigcommerce-api@1.0.0~client: PATH: C:\Users\EYStudios11\AppData\Roaming\nvm\v6.14.2\node_modules\npm\bin\node-gyp-bin;C:\Users\EYStudios11\EY-Studios\headless_bigcommerce\node_modules\.bin;C:\Users\EYStudios11\AppData\Roaming\nvm\v6.14.2\node_modules\npm\bin\node-gyp-bin;C:\Users\EYStudios11\EY-Studios\headless_bigcommerce\node_modules\.bin;C:\Users\EYStudios11\AppData\Roaming\nvm\v6.14.2\node_modules\npm\bin\node-gyp-bin;C:\Users\EYStudios11\EY-Studios\headless_bigcommerce\node_modules\.bin;C:\Users\EYStudios11\bin;C:\Program Files\Git\mingw64\bin;C:\Program Files\Git\usr\local\bin;C:\Program Files\Git\usr\bin;C:\Program Files\Git\usr\bin;C:\Program Files\Git\mingw64\bin;C:\Program Files\Git\usr\bin;C:\Users\EYStudios11\bin;C:\Python27;C:\Python27\Scripts;C:\WINDOWS\system32;C:\WINDOWS;C:\WINDOWS\System32\Wbem;C:\WINDOWS\System32\WindowsPowerShell\v1.0;C:\WINDOWS\System32\OpenSSH;C:\Program Files\SourceGear\Common\DiffMerge;C:\Program Files (x86)\Yarn\bin;C:\Users\EYStudios11\AppData\Roaming\nvm;C:\Program Files\nodejs;C:\Program Files\PuTTY;C:\Users\EYStudios11\AppData\Local\Microsoft\WindowsApps;C:\Users\EYStudios11\AppData\Local\Programs\Microsoft VS Code\bin;C:\Users\EYStudios11\AppData\Roaming\npm;C:\Users\EYStudios11\AppData\Local\Yarn\bin;C:\Program Files\Docker Toolbox;C:\Users\EYStudios11\AppData\Roaming\nvm;C:\Program Files\nodejs;C:\Program Files\Git\usr\bin\vendor_perl;C:\Program Files\Git\usr\bin\core_perl
10 verbose lifecycle bigcommerce-api@1.0.0~client: CWD: C:\Users\EYStudios11\EY-Studios\headless_bigcommerce
11 silly lifecycle bigcommerce-api@1.0.0~client: Args: [ '/d /s /c', 'cd client && npm run start' ]
12 silly lifecycle bigcommerce-api@1.0.0~client: Returned: code: 1  signal: null
13 info lifecycle bigcommerce-api@1.0.0~client: Failed to exec client script
14 verbose stack Error: bigcommerce-api@1.0.0 client: `cd client && npm run start`
14 verbose stack Exit status 1
14 verbose stack     at EventEmitter.<anonymous> (C:\Users\EYStudios11\AppData\Roaming\nvm\v6.14.2\node_modules\npm\lib\utils\lifecycle.js:255:16)
14 verbose stack     at emitTwo (events.js:106:13)
14 verbose stack     at EventEmitter.emit (events.js:191:7)
14 verbose stack     at ChildProcess.<anonymous> (C:\Users\EYStudios11\AppData\Roaming\nvm\v6.14.2\node_modules\npm\lib\utils\spawn.js:40:14)
14 verbose stack     at emitTwo (events.js:106:13)
14 verbose stack     at ChildProcess.emit (events.js:191:7)
14 verbose stack     at maybeClose (internal/child_process.js:920:16)
14 verbose stack     at Process.ChildProcess._handle.onexit (internal/child_process.js:230:5)
15 verbose pkgid bigcommerce-api@1.0.0
16 verbose cwd C:\Users\EYStudios11\EY-Studios\headless_bigcommerce
17 error Windows_NT 10.0.17134
18 error argv "C:\\Program Files\\nodejs\\node.exe" "C:\\Program Files\\nodejs\\node_modules\\npm\\bin\\npm-cli.js" "run" "client"
19 error node v6.14.2
20 error npm  v3.10.10
21 error code ELIFECYCLE
22 error bigcommerce-api@1.0.0 client: `cd client && npm run start`
22 error Exit status 1
23 error Failed at the bigcommerce-api@1.0.0 client script 'cd client && npm run start'.
23 error Make sure you have the latest version of node.js and npm installed.
23 error If you do, this is most likely a problem with the bigcommerce-api package,
23 error not with npm itself.
23 error Tell the author that this fails on your system:
23 error     cd client && npm run start
23 error You can get information on how to open an issue for this project with:
23 error     npm bugs bigcommerce-api
23 error Or if that isn't available, you can get their info via:
23 error     npm owner ls bigcommerce-api
23 error There is likely additional logging output above.
24 verbose exit [ 1, true ]
